1681390489056	geckodriver	INFO	Listening on 127.0.0.1:62567
1681390921087	geckodriver	INFO	Listening on 127.0.0.1:62842
1681390992532	geckodriver	INFO	Listening on 127.0.0.1:62947
1681390995723	mozrunner::runner	INFO	Running command: "C:\\Program Files\\Mozilla Firefox\\firefox.exe" "--marionette" "--remote-debugging-port" "62948" "--remote-allow-hosts" "localhost" "-no-remote" "-profile" "C:\\Users\\Dashrath\\AppData\\Local\\Temp\\rust_mozprofile79B1Oj"
console.warn: services.settings: Ignoring preference override of remote settings server
console.warn: services.settings: Allow by setting MOZ_REMOTE_SETTINGS_DEVTOOLS=1 in the environment
1681390996719	Marionette	INFO	Marionette enabled
Dynamically enable window occlusion 0
1681390996732	Marionette	INFO	Listening on port 62959
Read port: 62959
WebDriver BiDi listening on ws://127.0.0.1:62948
1681390997062	RemoteAgent	WARN	TLS certificate errors will be ignored for this session
console.warn: SearchSettings: "get: No settings file exists, new profile?" (new NotFoundError("Could not open the file at C:\\Users\\Dashrath\\AppData\\Local\\Temp\\rust_mozprofile79B1Oj\\search.json.mozlz4", (void 0)))
[ERROR glean_core] Error setting metrics feature config: Json(Error("EOF while parsing a value", line: 1, column: 0))
DevTools listening on ws://127.0.0.1:62948/devtools/browser/d79bbfd5-60ce-4045-9397-e5eb5a3f3e4d
1681391432620	Marionette	INFO	Stopped listening on port 62959
Dynamically enable window occlusion 1
1681391482605	geckodriver	INFO	Listening on 127.0.0.1:63425
1681391485678	mozrunner::runner	INFO	Running command: "C:\\Program Files\\Mozilla Firefox\\firefox.exe" "--marionette" "--remote-debugging-port" "63426" "--remote-allow-hosts" "localhost" "-no-remote" "-profile" "C:\\Users\\Dashrath\\AppData\\Local\\Temp\\rust_mozprofileF9Al37"
console.warn: services.settings: Ignoring preference override of remote settings server
console.warn: services.settings: Allow by setting MOZ_REMOTE_SETTINGS_DEVTOOLS=1 in the environment
1681391486283	Marionette	INFO	Marionette enabled
Dynamically enable window occlusion 0
1681391486295	Marionette	INFO	Listening on port 63438
Read port: 63438
WebDriver BiDi listening on ws://127.0.0.1:63426
1681391486574	RemoteAgent	WARN	TLS certificate errors will be ignored for this session
console.warn: SearchSettings: "get: No settings file exists, new profile?" (new NotFoundError("Could not open the file at C:\\Users\\Dashrath\\AppData\\Local\\Temp\\rust_mozprofileF9Al37\\search.json.mozlz4", (void 0)))
[ERROR glean_core] Error setting metrics feature config: Json(Error("EOF while parsing a value", line: 1, column: 0))
DevTools listening on ws://127.0.0.1:63426/devtools/browser/f71e830c-834f-4f75-8995-a3b480cf0f52
1681391491010	Marionette	INFO	Stopped listening on port 63438
Dynamically enable window occlusion 1
WARNING: A blocker encountered an error while we were waiting.
          Blocker:  Waiting for ping task
          Phase: TelemetryController: Waiting for pending ping activity
          State: (none)
WARNING: Error: Phase "profile-before-change" is finished, it is too late to register completion condition "OS.File: flush I/O queued before profileBeforeChange"
WARNING: addBlocker@resource://gre/modules/AsyncShutdown.sys.mjs:727:15
addBlocker@resource://gre/modules/AsyncShutdown.sys.mjs:523:26
addBlocker@resource://gre/modules/AsyncShutdown.sys.mjs:458:15
setupShutdown@resource://gre/modules/osfile/osfile_async_front.jsm:1548:28
@resource://gre/modules/osfile/osfile_async_front.jsm:1568:16
@resource://gre/modules/osfile.jsm:12:30
@resource://gre/modules/TelemetryStorage.sys.mjs:10:28
_checkPendingPings@resource://gre/modules/TelemetrySend.sys.mjs:863:17
setup@resource://gre/modules/TelemetrySend.sys.mjs:803:18
setup@resource://gre/modules/TelemetrySend.sys.mjs:241:30
setupTelemetry/this._delayedInitTask<@resource://gre/modules/TelemetryControllerParent.sys.mjs:824:36
observe@resource://gre/modules/AsyncShutdown.sys.mjs:576:16

console.error: "TelemetryScheduler.shutdown - Already shut down"
WARNING: A blocker encountered an error while we were waiting.
          Blocker:  Waiting for ping task
          Phase: TelemetryController: Waiting for pending ping activity
          State: (none)
WARNING: Error: Phase "profile-before-change" is finished, it is too late to register completion condition "OS.File: flush I/O queued before profileBeforeChange"
WARNING: addBlocker@resource://gre/modules/AsyncShutdown.sys.mjs:727:15
addBlocker@resource://gre/modules/AsyncShutdown.sys.mjs:523:26
addBlocker@resource://gre/modules/AsyncShutdown.sys.mjs:458:15
setupShutdown@resource://gre/modules/osfile/osfile_async_front.jsm:1548:28
@resource://gre/modules/osfile/osfile_async_front.jsm:1568:16
@resource://gre/modules/osfile.jsm:12:30
@resource://gre/modules/TelemetryStorage.sys.mjs:10:28
_checkPendingPings@resource://gre/modules/TelemetrySend.sys.mjs:863:17
setup@resource://gre/modules/TelemetrySend.sys.mjs:803:18
setup@resource://gre/modules/TelemetrySend.sys.mjs:241:30
setupTelemetry/this._delayedInitTask<@resource://gre/modules/TelemetryControllerParent.sys.mjs:824:36
observe@resource://gre/modules/AsyncShutdown.sys.mjs:576:16

WARNING: A blocker encountered an error while we were waiting.
          Blocker:  Waiting for ping task
          Phase: TelemetryController: Waiting for pending ping activity
          State: (none)
WARNING: Error: Phase "profile-before-change" is finished, it is too late to register completion condition "OS.File: flush I/O queued before profileBeforeChange"
WARNING: addBlocker@resource://gre/modules/AsyncShutdown.sys.mjs:727:15
addBlocker@resource://gre/modules/AsyncShutdown.sys.mjs:523:26
addBlocker@resource://gre/modules/AsyncShutdown.sys.mjs:458:15
setupShutdown@resource://gre/modules/osfile/osfile_async_front.jsm:1548:28
@resource://gre/modules/osfile/osfile_async_front.jsm:1568:16
@resource://gre/modules/osfile.jsm:12:30
@resource://gre/modules/TelemetryStorage.sys.mjs:10:28
_checkPendingPings@resource://gre/modules/TelemetrySend.sys.mjs:863:17
setup@resource://gre/modules/TelemetrySend.sys.mjs:803:18
setup@resource://gre/modules/TelemetrySend.sys.mjs:241:30
setupTelemetry/this._delayedInitTask<@resource://gre/modules/TelemetryControllerParent.sys.mjs:824:36
observe@resource://gre/modules/AsyncShutdown.sys.mjs:576:16

WARNING: A blocker encountered an error while we were waiting.
          Blocker:  TelemetryController: shutting down
          Phase: profile-before-change-telemetry
          State: Error getting state: Error: Phase "profile-before-change" is finished, it is too late to register completion condition "OS.File: flush I/O queued before profileBeforeChange" at addBlocker@resource://gre/modules/AsyncShutdown.sys.mjs:727:15
addBlocker@resource://gre/modules/AsyncShutdown.sys.mjs:523:26
addBlocker@resource://gre/modules/AsyncShutdown.sys.mjs:458:15
setupShutdown@resource://gre/modules/osfile/osfile_async_front.jsm:1548:28
@resource://gre/modules/osfile/osfile_async_front.jsm:1568:16
@resource://gre/modules/osfile.jsm:12:30
@resource://gre/modules/TelemetryStorage.sys.mjs:10:28
_checkPendingPings@resource://gre/modules/TelemetrySend.sys.mjs:863:17
setup@resource://gre/modules/TelemetrySend.sys.mjs:803:18
setup@resource://gre/modules/TelemetrySend.sys.mjs:241:30
setupTelemetry/this._delayedInitTask<@resource://gre/modules/TelemetryControllerParent.sys.mjs:824:36
observe@resource://gre/modules/AsyncShutdown.sys.mjs:576:16

WARNING: Error: Phase "profile-before-change" is finished, it is too late to register completion condition "OS.File: flush I/O queued before profileBeforeChange"
WARNING: addBlocker@resource://gre/modules/AsyncShutdown.sys.mjs:727:15
addBlocker@resource://gre/modules/AsyncShutdown.sys.mjs:523:26
addBlocker@resource://gre/modules/AsyncShutdown.sys.mjs:458:15
setupShutdown@resource://gre/modules/osfile/osfile_async_front.jsm:1548:28
@resource://gre/modules/osfile/osfile_async_front.jsm:1568:16
@resource://gre/modules/osfile.jsm:12:30
@resource://gre/modules/TelemetryStorage.sys.mjs:10:28
_checkPendingPings@resource://gre/modules/TelemetrySend.sys.mjs:863:17
setup@resource://gre/modules/TelemetrySend.sys.mjs:803:18
setup@resource://gre/modules/TelemetrySend.sys.mjs:241:30
setupTelemetry/this._delayedInitTask<@resource://gre/modules/TelemetryControllerParent.sys.mjs:824:36
observe@resource://gre/modules/AsyncShutdown.sys.mjs:576:16

JavaScript error: resource://gre/modules/AsyncShutdown.sys.mjs, line 727: Error: Phase "profile-before-change" is finished, it is too late to register completion condition "OS.File: flush I/O queued before profileBeforeChange"
JavaScript error: resource://gre/modules/AsyncShutdown.sys.mjs, line 727: Error: Phase "profile-before-change" is finished, it is too late to register completion condition "OS.File: flush I/O queued before profileBeforeChange"
JavaScript error: resource://gre/modules/AsyncShutdown.sys.mjs, line 727: Error: Phase "profile-before-change" is finished, it is too late to register completion condition "OS.File: flush I/O queued before profileBeforeChange"
JavaScript error: resource://gre/modules/AsyncShutdown.sys.mjs, line 727: Error: Phase "profile-before-change" is finished, it is too late to register completion condition "OS.File: flush I/O queued before profileBeforeChange"
JavaScript error: resource://gre/modules/AsyncShutdown.sys.mjs, line 727: Error: Phase "profile-before-change" is finished, it is too late to register completion condition "OS.File: flush I/O queued before profileBeforeChange"
JavaScript error: resource://gre/modules/AsyncShutdown.sys.mjs, line 727: Error: Phase "profile-before-change" is finished, it is too late to register completion condition "OS.File: flush I/O queued before profileBeforeChange"
1681391653615	geckodriver	INFO	Listening on 127.0.0.1:63713
1681391656667	mozrunner::runner	INFO	Running command: "C:\\Program Files\\Mozilla Firefox\\firefox.exe" "--marionette" "--remote-debugging-port" "63714" "--remote-allow-hosts" "localhost" "-no-remote" "-profile" "C:\\Users\\Dashrath\\AppData\\Local\\Temp\\rust_mozprofilecF8Zrq"
console.warn: services.settings: Ignoring preference override of remote settings server
console.warn: services.settings: Allow by setting MOZ_REMOTE_SETTINGS_DEVTOOLS=1 in the environment
1681391658376	Marionette	INFO	Marionette enabled
Dynamically enable window occlusion 0
1681391658386	Marionette	INFO	Listening on port 63726
Read port: 63726
Read port: 63726
WebDriver BiDi listening on ws://127.0.0.1:63714
1681391659745	RemoteAgent	WARN	TLS certificate errors will be ignored for this session
console.warn: SearchSettings: "get: No settings file exists, new profile?" (new NotFoundError("Could not open the file at C:\\Users\\Dashrath\\AppData\\Local\\Temp\\rust_mozprofilecF8Zrq\\search.json.mozlz4", (void 0)))
[ERROR glean_core] Error setting metrics feature config: Json(Error("EOF while parsing a value", line: 1, column: 0))
DevTools listening on ws://127.0.0.1:63714/devtools/browser/1dc55213-3d63-48b6-bf48-bc26243176e1
console.warn: services.settings: Ignoring preference override of remote settings server
console.warn: services.settings: Allow by setting MOZ_REMOTE_SETTINGS_DEVTOOLS=1 in the environment
console.error: (new TypeError("lazy.AsyncShutdown.profileBeforeChange is undefined", "resource://services-settings/Database.sys.mjs", 599))
1681391669450	Marionette	INFO	Stopped listening on port 63726
Dynamically enable window occlusion 1
[Parent 21136, IPC I/O Parent] WARNING: DuplicateHandle failed for handle 0 in TransferHandles: file /builds/worker/checkouts/gecko/ipc/chromium/src/chrome/common/ipc_channel_win.cc:777
1681393296360	geckodriver	INFO	Listening on 127.0.0.1:65425
1681393299445	mozrunner::runner	INFO	Running command: "C:\\Program Files\\Mozilla Firefox\\firefox.exe" "--marionette" "--remote-debugging-port" "65426" "--remote-allow-hosts" "localhost" "-no-remote" "-profile" "C:\\Users\\Dashrath\\AppData\\Local\\Temp\\rust_mozprofile4pUkW5"
console.warn: services.settings: Ignoring preference override of remote settings server
console.warn: services.settings: Allow by setting MOZ_REMOTE_SETTINGS_DEVTOOLS=1 in the environment
1681393300240	Marionette	INFO	Marionette enabled
Dynamically enable window occlusion 0
1681393300255	Marionette	INFO	Listening on port 65438
Read port: 65438
WebDriver BiDi listening on ws://127.0.0.1:65426
1681393300569	RemoteAgent	WARN	TLS certificate errors will be ignored for this session
console.warn: SearchSettings: "get: No settings file exists, new profile?" (new NotFoundError("Could not open the file at C:\\Users\\Dashrath\\AppData\\Local\\Temp\\rust_mozprofile4pUkW5\\search.json.mozlz4", (void 0)))
[ERROR glean_core] Error setting metrics feature config: Json(Error("EOF while parsing a value", line: 1, column: 0))
DevTools listening on ws://127.0.0.1:65426/devtools/browser/ccb357c0-9167-4546-8c35-aa5792e7763c
1681393307002	Marionette	WARN	Ignoring event 'DOMContentLoaded' because document has an invalid readyState of 'complete'.
1681406158597	geckodriver	INFO	Listening on 127.0.0.1:51968
1681406161658	mozrunner::runner	INFO	Running command: "C:\\Program Files\\Mozilla Firefox\\firefox.exe" "--marionette" "--remote-debugging-port" "51969" "--remote-allow-hosts" "localhost" "-no-remote" "-profile" "C:\\Users\\Dashrath\\AppData\\Local\\Temp\\rust_mozprofileFGkHvp"
console.warn: services.settings: Ignoring preference override of remote settings server
console.warn: services.settings: Allow by setting MOZ_REMOTE_SETTINGS_DEVTOOLS=1 in the environment
1681406162100	Marionette	INFO	Marionette enabled
Dynamically enable window occlusion 0
1681406162108	Marionette	INFO	Listening on port 51980
Read port: 51980
WebDriver BiDi listening on ws://127.0.0.1:51969
1681406162299	RemoteAgent	WARN	TLS certificate errors will be ignored for this session
console.warn: SearchSettings: "get: No settings file exists, new profile?" (new NotFoundError("Could not open the file at C:\\Users\\Dashrath\\AppData\\Local\\Temp\\rust_mozprofileFGkHvp\\search.json.mozlz4", (void 0)))
[ERROR glean_core] Error setting metrics feature config: Json(Error("EOF while parsing a value", line: 1, column: 0))
DevTools listening on ws://127.0.0.1:51969/devtools/browser/ee56dac9-71a1-4d94-81ce-147f5c6ab5cc
1681406169059	Marionette	WARN	Ignoring event 'DOMContentLoaded' because document has an invalid readyState of 'complete'.
1681406182942	Marionette	INFO	Stopped listening on port 51980
Dynamically enable window occlusion 1
1681406204845	geckodriver	INFO	Listening on 127.0.0.1:52095
1681406207883	mozrunner::runner	INFO	Running command: "C:\\Program Files\\Mozilla Firefox\\firefox.exe" "--marionette" "--remote-debugging-port" "52096" "--remote-allow-hosts" "localhost" "-no-remote" "-profile" "C:\\Users\\Dashrath\\AppData\\Local\\Temp\\rust_mozprofileZ9840d"
console.warn: services.settings: Ignoring preference override of remote settings server
console.warn: services.settings: Allow by setting MOZ_REMOTE_SETTINGS_DEVTOOLS=1 in the environment
1681406208301	Marionette	INFO	Marionette enabled
Dynamically enable window occlusion 0
1681406208309	Marionette	INFO	Listening on port 52107
Read port: 52107
WebDriver BiDi listening on ws://127.0.0.1:52096
1681406208551	RemoteAgent	WARN	TLS certificate errors will be ignored for this session
console.warn: SearchSettings: "get: No settings file exists, new profile?" (new NotFoundError("Could not open the file at C:\\Users\\Dashrath\\AppData\\Local\\Temp\\rust_mozprofileZ9840d\\search.json.mozlz4", (void 0)))
[ERROR glean_core] Error setting metrics feature config: Json(Error("EOF while parsing a value", line: 1, column: 0))
DevTools listening on ws://127.0.0.1:52096/devtools/browser/eb2b6bde-f9b5-4822-a573-3e70fe498840
1681406213530	Marionette	WARN	Ignoring event 'DOMContentLoaded' because document has an invalid readyState of 'complete'.
[Child 10944, MediaDecoderStateMachine #1] WARNING: Decoder=2963c12fd00 state=DECODING_METADATA Decode metadata failed, shutting down decoder: file /builds/worker/checkouts/gecko/dom/media/MediaDecoderStateMachine.cpp:372
[Child 10944, MediaDecoderStateMachine #1] WARNING: Decoder=2963c12fd00 Decode error: NS_ERROR_DOM_MEDIA_METADATA_ERR (0x806e0006) - static MP4Metadata::ResultAndByteBuffer __cdecl mozilla::MP4Metadata::Metadata(mozilla::ByteStream *): Cannot parse metadata: file /builds/worker/checkouts/gecko/dom/media/MediaDecoderStateMachineBase.cpp:164
1681406231979	Marionette	INFO	Stopped listening on port 52107
Dynamically enable window occlusion 1
WARNING: A blocker encountered an error while we were waiting.
          Blocker:  Waiting for ping task
          Phase: TelemetryController: Waiting for pending ping activity
          State: (none)
WARNING: Error: Phase "profile-before-change" is finished, it is too late to register completion condition "OS.File: flush I/O queued before profileBeforeChange"
WARNING: addBlocker@resource://gre/modules/AsyncShutdown.sys.mjs:727:15
addBlocker@resource://gre/modules/AsyncShutdown.sys.mjs:523:26
addBlocker@resource://gre/modules/AsyncShutdown.sys.mjs:458:15
setupShutdown@resource://gre/modules/osfile/osfile_async_front.jsm:1548:28
@resource://gre/modules/osfile/osfile_async_front.jsm:1568:16
@resource://gre/modules/osfile.jsm:12:30
@resource://gre/modules/TelemetryStorage.sys.mjs:10:28
_checkPendingPings@resource://gre/modules/TelemetrySend.sys.mjs:863:17
setup@resource://gre/modules/TelemetrySend.sys.mjs:803:18
setup@resource://gre/modules/TelemetrySend.sys.mjs:241:30
setupTelemetry/this._delayedInitTask<@resource://gre/modules/TelemetryControllerParent.sys.mjs:824:36
observe@resource://gre/modules/AsyncShutdown.sys.mjs:576:16

console.error: "TelemetryScheduler.shutdown - Already shut down"
WARNING: A blocker encountered an error while we were waiting.
          Blocker:  Waiting for ping task
          Phase: TelemetryController: Waiting for pending ping activity
          State: (none)
WARNING: Error: Phase "profile-before-change" is finished, it is too late to register completion condition "OS.File: flush I/O queued before profileBeforeChange"
WARNING: addBlocker@resource://gre/modules/AsyncShutdown.sys.mjs:727:15
addBlocker@resource://gre/modules/AsyncShutdown.sys.mjs:523:26
addBlocker@resource://gre/modules/AsyncShutdown.sys.mjs:458:15
setupShutdown@resource://gre/modules/osfile/osfile_async_front.jsm:1548:28
@resource://gre/modules/osfile/osfile_async_front.jsm:1568:16
@resource://gre/modules/osfile.jsm:12:30
@resource://gre/modules/TelemetryStorage.sys.mjs:10:28
_checkPendingPings@resource://gre/modules/TelemetrySend.sys.mjs:863:17
setup@resource://gre/modules/TelemetrySend.sys.mjs:803:18
setup@resource://gre/modules/TelemetrySend.sys.mjs:241:30
setupTelemetry/this._delayedInitTask<@resource://gre/modules/TelemetryControllerParent.sys.mjs:824:36
observe@resource://gre/modules/AsyncShutdown.sys.mjs:576:16

WARNING: A blocker encountered an error while we were waiting.
          Blocker:  Waiting for ping task
          Phase: TelemetryController: Waiting for pending ping activity
          State: (none)
WARNING: Error: Phase "profile-before-change" is finished, it is too late to register completion condition "OS.File: flush I/O queued before profileBeforeChange"
WARNING: addBlocker@resource://gre/modules/AsyncShutdown.sys.mjs:727:15
addBlocker@resource://gre/modules/AsyncShutdown.sys.mjs:523:26
addBlocker@resource://gre/modules/AsyncShutdown.sys.mjs:458:15
setupShutdown@resource://gre/modules/osfile/osfile_async_front.jsm:1548:28
@resource://gre/modules/osfile/osfile_async_front.jsm:1568:16
@resource://gre/modules/osfile.jsm:12:30
@resource://gre/modules/TelemetryStorage.sys.mjs:10:28
_checkPendingPings@resource://gre/modules/TelemetrySend.sys.mjs:863:17
setup@resource://gre/modules/TelemetrySend.sys.mjs:803:18
setup@resource://gre/modules/TelemetrySend.sys.mjs:241:30
setupTelemetry/this._delayedInitTask<@resource://gre/modules/TelemetryControllerParent.sys.mjs:824:36
observe@resource://gre/modules/AsyncShutdown.sys.mjs:576:16

WARNING: A blocker encountered an error while we were waiting.
          Blocker:  TelemetryController: shutting down
          Phase: profile-before-change-telemetry
          State: Error getting state: Error: Phase "profile-before-change" is finished, it is too late to register completion condition "OS.File: flush I/O queued before profileBeforeChange" at addBlocker@resource://gre/modules/AsyncShutdown.sys.mjs:727:15
addBlocker@resource://gre/modules/AsyncShutdown.sys.mjs:523:26
addBlocker@resource://gre/modules/AsyncShutdown.sys.mjs:458:15
setupShutdown@resource://gre/modules/osfile/osfile_async_front.jsm:1548:28
@resource://gre/modules/osfile/osfile_async_front.jsm:1568:16
@resource://gre/modules/osfile.jsm:12:30
@resource://gre/modules/TelemetryStorage.sys.mjs:10:28
_checkPendingPings@resource://gre/modules/TelemetrySend.sys.mjs:863:17
setup@resource://gre/modules/TelemetrySend.sys.mjs:803:18
setup@resource://gre/modules/TelemetrySend.sys.mjs:241:30
setupTelemetry/this._delayedInitTask<@resource://gre/modules/TelemetryControllerParent.sys.mjs:824:36
observe@resource://gre/modules/AsyncShutdown.sys.mjs:576:16

WARNING: Error: Phase "profile-before-change" is finished, it is too late to register completion condition "OS.File: flush I/O queued before profileBeforeChange"
WARNING: addBlocker@resource://gre/modules/AsyncShutdown.sys.mjs:727:15
addBlocker@resource://gre/modules/AsyncShutdown.sys.mjs:523:26
addBlocker@resource://gre/modules/AsyncShutdown.sys.mjs:458:15
setupShutdown@resource://gre/modules/osfile/osfile_async_front.jsm:1548:28
@resource://gre/modules/osfile/osfile_async_front.jsm:1568:16
@resource://gre/modules/osfile.jsm:12:30
@resource://gre/modules/TelemetryStorage.sys.mjs:10:28
_checkPendingPings@resource://gre/modules/TelemetrySend.sys.mjs:863:17
setup@resource://gre/modules/TelemetrySend.sys.mjs:803:18
setup@resource://gre/modules/TelemetrySend.sys.mjs:241:30
setupTelemetry/this._delayedInitTask<@resource://gre/modules/TelemetryControllerParent.sys.mjs:824:36
observe@resource://gre/modules/AsyncShutdown.sys.mjs:576:16

JavaScript error: resource://gre/modules/AsyncShutdown.sys.mjs, line 727: Error: Phase "profile-before-change" is finished, it is too late to register completion condition "OS.File: flush I/O queued before profileBeforeChange"
JavaScript error: resource://gre/modules/AsyncShutdown.sys.mjs, line 727: Error: Phase "profile-before-change" is finished, it is too late to register completion condition "OS.File: flush I/O queued before profileBeforeChange"
JavaScript error: resource://gre/modules/AsyncShutdown.sys.mjs, line 727: Error: Phase "profile-before-change" is finished, it is too late to register completion condition "OS.File: flush I/O queued before profileBeforeChange"
JavaScript error: resource://gre/modules/AsyncShutdown.sys.mjs, line 727: Error: Phase "profile-before-change" is finished, it is too late to register completion condition "OS.File: flush I/O queued before profileBeforeChange"
JavaScript error: resource://gre/modules/AsyncShutdown.sys.mjs, line 727: Error: Phase "profile-before-change" is finished, it is too late to register completion condition "OS.File: flush I/O queued before profileBeforeChange"
JavaScript error: resource://gre/modules/AsyncShutdown.sys.mjs, line 727: Error: Phase "profile-before-change" is finished, it is too late to register completion condition "OS.File: flush I/O queued before profileBeforeChange"
1681407272485	geckodriver	INFO	Listening on 127.0.0.1:52853
1681407275538	mozrunner::runner	INFO	Running command: "C:\\Program Files\\Mozilla Firefox\\firefox.exe" "--marionette" "--remote-debugging-port" "52854" "--remote-allow-hosts" "localhost" "-no-remote" "-profile" "C:\\Users\\Dashrath\\AppData\\Local\\Temp\\rust_mozprofileXzXNGi"
console.warn: services.settings: Ignoring preference override of remote settings server
console.warn: services.settings: Allow by setting MOZ_REMOTE_SETTINGS_DEVTOOLS=1 in the environment
1681407275852	Marionette	INFO	Marionette enabled
Dynamically enable window occlusion 0
1681407275858	Marionette	INFO	Listening on port 52865
Read port: 52865
WebDriver BiDi listening on ws://127.0.0.1:52854
1681407276017	RemoteAgent	WARN	TLS certificate errors will be ignored for this session
console.warn: SearchSettings: "get: No settings file exists, new profile?" (new NotFoundError("Could not open the file at C:\\Users\\Dashrath\\AppData\\Local\\Temp\\rust_mozprofileXzXNGi\\search.json.mozlz4", (void 0)))
[ERROR glean_core] Error setting metrics feature config: Json(Error("EOF while parsing a value", line: 1, column: 0))
DevTools listening on ws://127.0.0.1:52854/devtools/browser/02040523-bfcc-4e69-b3d8-4ddf3c1bc746
1681407282038	Marionette	WARN	Ignoring event 'DOMContentLoaded' because document has an invalid readyState of 'complete'.
1681407351355	Marionette	INFO	Stopped listening on port 52865
Dynamically enable window occlusion 1
ng command: "C:\\Program Files\\Mozilla Firefox\\firefox.exe" "--marionette" "--remote-debugging-port" "52960" "--remote-allow-hosts" "localhost" "-no-remote" "-profile" "C:\\Users\\Dashrath\\AppData\\Local\\Temp\\rust_mozprofilemjX8Rx"
console.warn: services.settings: Ignoring preference override of remote settings server
console.warn: services.settings: Allow by setting MOZ_REMOTE_SETTINGS_DEVTOOLS=1 in the environment
1681407346357	Marionette	INFO	Marionette enabled
Dynamically enable window occlusion 0
1681407346362	Marionette	INFO	Listening on port 52971
Read port: 52971
WebDriver BiDi listening on ws://127.0.0.1:52960
1681407346596	RemoteAgent	WARN	TLS certificate errors will be ignored for this session
console.warn: SearchSettings: "get: No settings file exists, new profile?" (new NotFoundError("Could not open the file at C:\\Users\\Dashrath\\AppData\\Local\\Temp\\rust_mozprofilemjX8Rx\\search.json.mozlz4", (void 0)))
[ERROR glean_core] Error setting metrics feature config: Json(Error("EOF while parsing a value", line: 1, column: 0))
DevTools listening on ws://127.0.0.1:52960/devtools/browser/8a9a22e9-7dd8-4b55-b882-49365c37a910
1681407352670	Marionette	WARN	Ignoring event 'DOMContentLoaded' because document has an invalid readyState of 'complete'.
1681407511714	geckodriver	INFO	Listening on 127.0.0.1:53181
1681407514787	mozrunner::runner	INFO	Running command: "C:\\Program Files\\Mozilla Firefox\\firefox.exe" "--marionette" "--remote-debugging-port" "53182" "--remote-allow-hosts" "localhost" "-no-remote" "-profile" "C:\\Users\\Dashrath\\AppData\\Local\\Temp\\rust_mozprofileI8Sb8X"
console.warn: services.settings: Ignoring preference override of remote settings server
console.warn: services.settings: Allow by setting MOZ_REMOTE_SETTINGS_DEVTOOLS=1 in the environment
1681407515193	Marionette	INFO	Marionette enabled
Dynamically enable window occlusion 0
1681407515201	Marionette	INFO	Listening on port 53192
Read port: 53192
WebDriver BiDi listening on ws://127.0.0.1:53182
1681407515463	RemoteAgent	WARN	TLS certificate errors will be ignored for this session
console.warn: SearchSettings: "get: No settings file exists, new profile?" (new NotFoundError("Could not open the file at C:\\Users\\Dashrath\\AppData\\Local\\Temp\\rust_mozprofileI8Sb8X\\search.json.mozlz4", (void 0)))
[ERROR glean_core] Error setting metrics feature config: Json(Error("EOF while parsing a value", line: 1, column: 0))
DevTools listening on ws://127.0.0.1:53182/devtools/browser/412b3c25-37d5-40e9-82e7-164348a97479
1681407521732	Marionette	WARN	Ignoring event 'DOMContentLoaded' because document has an invalid readyState of 'complete'.
1681407582252	geckodriver	INFO	Listening on 127.0.0.1:53286
1681407585319	mozrunner::runner	INFO	Running command: "C:\\Program Files\\Mozilla Firefox\\firefox.exe" "--marionette" "--remote-debugging-port" "53287" "--remote-allow-hosts" "localhost" "-no-remote" "-profile" "C:\\Users\\Dashrath\\AppData\\Local\\Temp\\rust_mozprofile25XLhz"
console.warn: services.settings: Ignoring preference override of remote settings server
console.warn: services.settings: Allow by setting MOZ_REMOTE_SETTINGS_DEVTOOLS=1 in the environment
1681407585753	Marionette	INFO	Marionette enabled
Dynamically enable window occlusion 0
1681407585762	Marionette	INFO	Listening on port 53297
Read port: 53297
WebDriver BiDi listening on ws://127.0.0.1:53287
1681407586470	RemoteAgent	WARN	TLS certificate errors will be ignored for this session
console.warn: SearchSettings: "get: No settings file exists, new profile?" (new NotFoundError("Could not open the file at C:\\Users\\Dashrath\\AppData\\Local\\Temp\\rust_mozprofile25XLhz\\search.json.mozlz4", (void 0)))
[ERROR glean_core] Error setting metrics feature config: Json(Error("EOF while parsing a value", line: 1, column: 0))
DevTools listening on ws://127.0.0.1:53287/devtools/browser/8042e39b-62ad-4694-83f1-f17dccea5add
1681407592569	Marionette	WARN	Ignoring event 'DOMContentLoaded' because document has an invalid readyState of 'complete'.
1681407670048	geckodriver	INFO	Listening on 127.0.0.1:53579
1681407673110	mozrunner::runner	INFO	Running command: "C:\\Program Files\\Mozilla Firefox\\firefox.exe" "--marionette" "--remote-debugging-port" "53580" "--remote-allow-hosts" "localhost" "-no-remote" "-profile" "C:\\Users\\Dashrath\\AppData\\Local\\Temp\\rust_mozprofileWaeQnf"
console.warn: services.settings: Ignoring preference override of remote settings server
console.warn: services.settings: Allow by setting MOZ_REMOTE_SETTINGS_DEVTOOLS=1 in the environment
1681407673401	Marionette	INFO	Marionette enabled
Dynamically enable window occlusion 0
1681407673406	Marionette	INFO	Listening on port 53590
Read port: 53590
WebDriver BiDi listening on ws://127.0.0.1:53580
1681407673557	RemoteAgent	WARN	TLS certificate errors will be ignored for this session
console.warn: SearchSettings: "get: No settings file exists, new profile?" (new NotFoundError("Could not open the file at C:\\Users\\Dashrath\\AppData\\Local\\Temp\\rust_mozprofileWaeQnf\\search.json.mozlz4", (void 0)))
[ERROR glean_core] Error setting metrics feature config: Json(Error("EOF while parsing a value", line: 1, column: 0))
DevTools listening on ws://127.0.0.1:53580/devtools/browser/a2ddaa05-f217-4839-81be-e8c361462dde
1681407677381	Marionette	WARN	Ignoring event 'DOMContentLoaded' because document has an invalid readyState of 'complete'.
[Child 20292, MediaDecoderStateMachine #1] WARNING: Decoder=1b62b36ff00 state=DECODING_METADATA Decode metadata failed, shutting down decoder: file /builds/worker/checkouts/gecko/dom/media/MediaDecoderStateMachine.cpp:372
[Child 20292, MediaDecoderStateMachine #1] WARNING: Decoder=1b62b36ff00 Decode error: NS_ERROR_DOM_MEDIA_METADATA_ERR (0x806e0006) - static MP4Metadata::ResultAndByteBuffer __cdecl mozilla::MP4Metadata::Metadata(mozilla::ByteStream *): Cannot parse metadata: file /builds/worker/checkouts/gecko/dom/media/MediaDecoderStateMachineBase.cpp:164
[Child 20292, MediaDecoderStateMachine #1] WARNING: Decoder=1b62ea45c00 state=DECODING_METADATA Decode metadata failed, shutting down decoder: file /builds/worker/checkouts/gecko/dom/media/MediaDecoderStateMachine.cpp:372
[Child 20292, MediaDecoderStateMachine #1] WARNING: Decoder=1b62ea45c00 Decode error: NS_ERROR_DOM_MEDIA_METADATA_ERR (0x806e0006) - static MP4Metadata::ResultAndByteBuffer __cdecl mozilla::MP4Metadata::Metadata(mozilla::ByteStream *): Cannot parse metadata: file /builds/worker/checkouts/gecko/dom/media/MediaDecoderStateMachineBase.cpp:164
1681407695723	Marionette	INFO	Stopped listening on port 53590
Dynamically enable window occlusion 1
WARNING: A blocker encountered an error while we were waiting.
          Blocker:  Waiting for ping task
          Phase: TelemetryController: Waiting for pending ping activity
          State: (none)
WARNING: Error: Phase "profile-before-change" is finished, it is too late to register completion condition "OS.File: flush I/O queued before profileBeforeChange"
WARNING: addBlocker@resource://gre/modules/AsyncShutdown.sys.mjs:727:15
addBlocker@resource://gre/modules/AsyncShutdown.sys.mjs:523:26
addBlocker@resource://gre/modules/AsyncShutdown.sys.mjs:458:15
setupShutdown@resource://gre/modules/osfile/osfile_async_front.jsm:1548:28
@resource://gre/modules/osfile/osfile_async_front.jsm:1568:16
@resource://gre/modules/osfile.jsm:12:30
@resource://gre/modules/TelemetryStorage.sys.mjs:10:28
_checkPendingPings@resource://gre/modules/TelemetrySend.sys.mjs:863:17
setup@resource://gre/modules/TelemetrySend.sys.mjs:803:18
setup@resource://gre/modules/TelemetrySend.sys.mjs:241:30
setupTelemetry/this._delayedInitTask<@resource://gre/modules/TelemetryControllerParent.sys.mjs:824:36
observe@resource://gre/modules/AsyncShutdown.sys.mjs:576:16

console.error: "TelemetryScheduler.shutdown - Already shut down"
WARNING: A blocker encountered an error while we were waiting.
          Blocker:  Waiting for ping task
          Phase: TelemetryController: Waiting for pending ping activity
          State: (none)
WARNING: Error: Phase "profile-before-change" is finished, it is too late to register completion condition "OS.File: flush I/O queued before profileBeforeChange"
WARNING: addBlocker@resource://gre/modules/AsyncShutdown.sys.mjs:727:15
addBlocker@resource://gre/modules/AsyncShutdown.sys.mjs:523:26
addBlocker@resource://gre/modules/AsyncShutdown.sys.mjs:458:15
setupShutdown@resource://gre/modules/osfile/osfile_async_front.jsm:1548:28
@resource://gre/modules/osfile/osfile_async_front.jsm:1568:16
@resource://gre/modules/osfile.jsm:12:30
@resource://gre/modules/TelemetryStorage.sys.mjs:10:28
_checkPendingPings@resource://gre/modules/TelemetrySend.sys.mjs:863:17
setup@resource://gre/modules/TelemetrySend.sys.mjs:803:18
setup@resource://gre/modules/TelemetrySend.sys.mjs:241:30
setupTelemetry/this._delayedInitTask<@resource://gre/modules/TelemetryControllerParent.sys.mjs:824:36
observe@resource://gre/modules/AsyncShutdown.sys.mjs:576:16

WARNING: A blocker encountered an error while we were waiting.
          Blocker:  Waiting for ping task
          Phase: TelemetryController: Waiting for pending ping activity
          State: (none)
WARNING: Error: Phase "profile-before-change" is finished, it is too late to register completion condition "OS.File: flush I/O queued before profileBeforeChange"
WARNING: addBlocker@resource://gre/modules/AsyncShutdown.sys.mjs:727:15
addBlocker@resource://gre/modules/AsyncShutdown.sys.mjs:523:26
addBlocker@resource://gre/modules/AsyncShutdown.sys.mjs:458:15
setupShutdown@resource://gre/modules/osfile/osfile_async_front.jsm:1548:28
@resource://gre/modules/osfile/osfile_async_front.jsm:1568:16
@resource://gre/modules/osfile.jsm:12:30
@resource://gre/modules/TelemetryStorage.sys.mjs:10:28
_checkPendingPings@resource://gre/modules/TelemetrySend.sys.mjs:863:17
setup@resource://gre/modules/TelemetrySend.sys.mjs:803:18
setup@resource://gre/modules/TelemetrySend.sys.mjs:241:30
setupTelemetry/this._delayedInitTask<@resource://gre/modules/TelemetryControllerParent.sys.mjs:824:36
observe@resource://gre/modules/AsyncShutdown.sys.mjs:576:16

WARNING: A blocker encountered an error while we were waiting.
          Blocker:  TelemetryController: shutting down
          Phase: profile-before-change-telemetry
          State: Error getting state: Error: Phase "profile-before-change" is finished, it is too late to register completion condition "OS.File: flush I/O queued before profileBeforeChange" at addBlocker@resource://gre/modules/AsyncShutdown.sys.mjs:727:15
addBlocker@resource://gre/modules/AsyncShutdown.sys.mjs:523:26
addBlocker@resource://gre/modules/AsyncShutdown.sys.mjs:458:15
setupShutdown@resource://gre/modules/osfile/osfile_async_front.jsm:1548:28
@resource://gre/modules/osfile/osfile_async_front.jsm:1568:16
@resource://gre/modules/osfile.jsm:12:30
@resource://gre/modules/TelemetryStorage.sys.mjs:10:28
_checkPendingPings@resource://gre/modules/TelemetrySend.sys.mjs:863:17
setup@resource://gre/modules/TelemetrySend.sys.mjs:803:18
setup@resource://gre/modules/TelemetrySend.sys.mjs:241:30
setupTelemetry/this._delayedInitTask<@resource://gre/modules/TelemetryControllerParent.sys.mjs:824:36
observe@resource://gre/modules/AsyncShutdown.sys.mjs:576:16

WARNING: Error: Phase "profile-before-change" is finished, it is too late to register completion condition "OS.File: flush I/O queued before profileBeforeChange"
WARNING: addBlocker@resource://gre/modules/AsyncShutdown.sys.mjs:727:15
addBlocker@resource://gre/modules/AsyncShutdown.sys.mjs:523:26
addBlocker@resource://gre/modules/AsyncShutdown.sys.mjs:458:15
setupShutdown@resource://gre/modules/osfile/osfile_async_front.jsm:1548:28
@resource://gre/modules/osfile/osfile_async_front.jsm:1568:16
@resource://gre/modules/osfile.jsm:12:30
@resource://gre/modules/TelemetryStorage.sys.mjs:10:28
_checkPendingPings@resource://gre/modules/TelemetrySend.sys.mjs:863:17
setup@resource://gre/modules/TelemetrySend.sys.mjs:803:18
setup@resource://gre/modules/TelemetrySend.sys.mjs:241:30
setupTelemetry/this._delayedInitTask<@resource://gre/modules/TelemetryControllerParent.sys.mjs:824:36
observe@resource://gre/modules/AsyncShutdown.sys.mjs:576:16

JavaScript error: resource://gre/modules/AsyncShutdown.sys.mjs, line 727: Error: Phase "profile-before-change" is finished, it is too late to register completion condition "OS.File: flush I/O queued before profileBeforeChange"
JavaScript error: resource://gre/modules/AsyncShutdown.sys.mjs, line 727: Error: Phase "profile-before-change" is finished, it is too late to register completion condition "OS.File: flush I/O queued before profileBeforeChange"
JavaScript error: resource://gre/modules/AsyncShutdown.sys.mjs, line 727: Error: Phase "profile-before-change" is finished, it is too late to register completion condition "OS.File: flush I/O queued before profileBeforeChange"
JavaScript error: resource://gre/modules/AsyncShutdown.sys.mjs, line 727: Error: Phase "profile-before-change" is finished, it is too late to register completion condition "OS.File: flush I/O queued before profileBeforeChange"
JavaScript error: resource://gre/modules/AsyncShutdown.sys.mjs, line 727: Error: Phase "profile-before-change" is finished, it is too late to register completion condition "OS.File: flush I/O queued before profileBeforeChange"
JavaScript error: resource://gre/modules/AsyncShutdown.sys.mjs, line 727: Error: Phase "profile-before-change" is finished, it is too late to register completion condition "OS.File: flush I/O queued before profileBeforeChange"
1681407797492	geckodriver	INFO	Listening on 127.0.0.1:53702
1681407800557	mozrunner::runner	INFO	Running command: "C:\\Program Files\\Mozilla Firefox\\firefox.exe" "--marionette" "--remote-debugging-port" "53703" "--remote-allow-hosts" "localhost" "-no-remote" "-profile" "C:\\Users\\Dashrath\\AppData\\Local\\Temp\\rust_mozprofileMIifHw"
console.warn: services.settings: Ignoring preference override of remote settings server
console.warn: services.settings: Allow by setting MOZ_REMOTE_SETTINGS_DEVTOOLS=1 in the environment
1681407800910	Marionette	INFO	Marionette enabled
Dynamically enable window occlusion 0
1681407800917	Marionette	INFO	Listening on port 53714
Read port: 53714
WebDriver BiDi listening on ws://127.0.0.1:53703
1681407801071	RemoteAgent	WARN	TLS certificate errors will be ignored for this session
console.warn: SearchSettings: "get: No settings file exists, new profile?" (new NotFoundError("Could not open the file at C:\\Users\\Dashrath\\AppData\\Local\\Temp\\rust_mozprofileMIifHw\\search.json.mozlz4", (void 0)))
[ERROR glean_core] Error setting metrics feature config: Json(Error("EOF while parsing a value", line: 1, column: 0))
DevTools listening on ws://127.0.0.1:53703/devtools/browser/8b28c0b5-cc64-4f4b-b70f-5abfab06295d
1681407807187	Marionette	WARN	Ignoring event 'DOMContentLoaded' because document has an invalid readyState of 'complete'.
[Child 26688, MediaDecoderStateMachine #1] WARNING: Decoder=250a0ef4d00 state=DECODING_METADATA Decode metadata failed, shutting down decoder: file /builds/worker/checkouts/gecko/dom/media/MediaDecoderStateMachine.cpp:372
[Child 26688, MediaDecoderStateMachine #1] WARNING: Decoder=250a0ef4d00 Decode error: NS_ERROR_DOM_MEDIA_METADATA_ERR (0x806e0006) - static MP4Metadata::ResultAndByteBuffer __cdecl mozilla::MP4Metadata::Metadata(mozilla::ByteStream *): Cannot parse metadata: file /builds/worker/checkouts/gecko/dom/media/MediaDecoderStateMachineBase.cpp:164
1681407959207	Marionette	INFO	Stopped listening on port 53714
Dynamically enable window occlusion 1
1681407961020	geckodriver	INFO	Listening on 127.0.0.1:53876
1681407964028	mozrunner::runner	INFO	Running command: "C:\\Program Files\\Mozilla Firefox\\firefox.exe" "--marionette" "--remote-debugging-port" "53877" "--remote-allow-hosts" "localhost" "-no-remote" "-profile" "C:\\Users\\Dashrath\\AppData\\Local\\Temp\\rust_mozprofile0txdRU"
console.warn: services.settings: Ignoring preference override of remote settings server
console.warn: services.settings: Allow by setting MOZ_REMOTE_SETTINGS_DEVTOOLS=1 in the environment
1681407964327	Marionette	INFO	Marionette enabled
Dynamically enable window occlusion 0
1681407964331	Marionette	INFO	Listening on port 53889
Read port: 53889
WebDriver BiDi listening on ws://127.0.0.1:53877
1681407964477	RemoteAgent	WARN	TLS certificate errors will be ignored for this session
console.warn: SearchSettings: "get: No settings file exists, new profile?" (new NotFoundError("Could not open the file at C:\\Users\\Dashrath\\AppData\\Local\\Temp\\rust_mozprofile0txdRU\\search.json.mozlz4", (void 0)))
[ERROR glean_core] Error setting metrics feature config: Json(Error("EOF while parsing a value", line: 1, column: 0))
DevTools listening on ws://127.0.0.1:53877/devtools/browser/19a20fac-eb01-4bbf-a873-2335a296aaf9
1681407967907	Marionette	WARN	Ignoring event 'DOMContentLoaded' because document has an invalid readyState of 'complete'.
[Child 4312, MediaDecoderStateMachine #1] WARNING: Decoder=278404ef400 state=DECODING_METADATA Decode metadata failed, shutting down decoder: file /builds/worker/checkouts/gecko/dom/media/MediaDecoderStateMachine.cpp:372
[Child 4312, MediaDecoderStateMachine #1] WARNING: Decoder=278404ef400 Decode error: NS_ERROR_DOM_MEDIA_METADATA_ERR (0x806e0006) - static MP4Metadata::ResultAndByteBuffer __cdecl mozilla::MP4Metadata::Metadata(mozilla::ByteStream *): Cannot parse metadata: file /builds/worker/checkouts/gecko/dom/media/MediaDecoderStateMachineBase.cpp:164
[Child 4312, MediaDecoderStateMachine #1] WARNING: Decoder=278341f2100 state=DECODING_METADATA Decode metadata failed, shutting down decoder: file /builds/worker/checkouts/gecko/dom/media/MediaDecoderStateMachine.cpp:372
[Child 4312, MediaDecoderStateMachine #1] WARNING: Decoder=278341f2100 Decode error: NS_ERROR_DOM_MEDIA_METADATA_ERR (0x806e0006) - static MP4Metadata::ResultAndByteBuffer __cdecl mozilla::MP4Metadata::Metadata(mozilla::ByteStream *): Cannot parse metadata: file /builds/worker/checkouts/gecko/dom/media/MediaDecoderStateMachineBase.cpp:164
[Child 4312, MediaDecoderStateMachine #1] WARNING: Decoder=27840503100 state=DECODING_METADATA Decode metadata failed, shutting down decoder: file /builds/worker/checkouts/gecko/dom/media/MediaDecoderStateMachine.cpp:372
[Child 4312, MediaDecoderStateMachine #1] WARNING: Decoder=27840503100 Decode error: NS_ERROR_DOM_MEDIA_METADATA_ERR (0x806e0006) - static MP4Metadata::ResultAndByteBuffer __cdecl mozilla::MP4Metadata::Metadata(mozilla::ByteStream *): Cannot parse metadata: file /builds/worker/checkouts/gecko/dom/media/MediaDecoderStateMachineBase.cpp:164
[Child 4312, MediaDecoderStateMachine #1] WARNING: Decoder=2783c8bc000 state=DECODING_METADATA Decode metadata failed, shutting down decoder: file /builds/worker/checkouts/gecko/dom/media/MediaDecoderStateMachine.cpp:372
[Child 4312, MediaDecoderStateMachine #1] WARNING: Decoder=2783c8bc000 Decode error: NS_ERROR_DOM_MEDIA_METADATA_ERR (0x806e0006) - static MP4Metadata::ResultAndByteBuffer __cdecl mozilla::MP4Metadata::Metadata(mozilla::ByteStream *): Cannot parse metadata: file /builds/worker/checkouts/gecko/dom/media/MediaDecoderStateMachineBase.cpp:164
1681407988284	Marionette	INFO	Stopped listening on port 53889
Dynamically enable window occlusion 1
1681408291772	geckodriver	INFO	Listening on 127.0.0.1:54113
1681408294816	mozrunner::runner	INFO	Running command: "C:\\Program Files\\Mozilla Firefox\\firefox.exe" "--marionette" "--remote-debugging-port" "54114" "--remote-allow-hosts" "localhost" "-no-remote" "-profile" "C:\\Users\\Dashrath\\AppData\\Local\\Temp\\rust_mozprofile6HBfei"
console.warn: services.settings: Ignoring preference override of remote settings server
console.warn: services.settings: Allow by setting MOZ_REMOTE_SETTINGS_DEVTOOLS=1 in the environment
1681408295113	Marionette	INFO	Marionette enabled
Dynamically enable window occlusion 0
1681408295118	Marionette	INFO	Listening on port 54124
Read port: 54124
WebDriver BiDi listening on ws://127.0.0.1:54114
1681408295290	RemoteAgent	WARN	TLS certificate errors will be ignored for this session
console.warn: SearchSettings: "get: No settings file exists, new profile?" (new NotFoundError("Could not open the file at C:\\Users\\Dashrath\\AppData\\Local\\Temp\\rust_mozprofile6HBfei\\search.json.mozlz4", (void 0)))
[ERROR glean_core] Error setting metrics feature config: Json(Error("EOF while parsing a value", line: 1, column: 0))
DevTools listening on ws://127.0.0.1:54114/devtools/browser/249211b8-fc1a-4b1a-8e5c-a2c94dd7d8f5
1681408301051	Marionette	WARN	Ignoring event 'DOMContentLoaded' because document has an invalid readyState of 'complete'.
1681408308198	Marionette	INFO	Stopped listening on port 54124
Dynamically enable window occlusion 1
WARNING: A blocker encountered an error while we were waiting.
          Blocker:  Waiting for ping task
          Phase: TelemetryController: Waiting for pending ping activity
          State: (none)
WARNING: Error: Phase "profile-before-change" is finished, it is too late to register completion condition "OS.File: flush I/O queued before profileBeforeChange"
WARNING: addBlocker@resource://gre/modules/AsyncShutdown.sys.mjs:727:15
addBlocker@resource://gre/modules/AsyncShutdown.sys.mjs:523:26
addBlocker@resource://gre/modules/AsyncShutdown.sys.mjs:458:15
setupShutdown@resource://gre/modules/osfile/osfile_async_front.jsm:1548:28
@resource://gre/modules/osfile/osfile_async_front.jsm:1568:16
@resource://gre/modules/osfile.jsm:12:30
@resource://gre/modules/TelemetryStorage.sys.mjs:10:28
_checkPendingPings@resource://gre/modules/TelemetrySend.sys.mjs:863:17
setup@resource://gre/modules/TelemetrySend.sys.mjs:803:18
setup@resource://gre/modules/TelemetrySend.sys.mjs:241:30
setupTelemetry/this._delayedInitTask<@resource://gre/modules/TelemetryControllerParent.sys.mjs:824:36
observe@resource://gre/modules/AsyncShutdown.sys.mjs:576:16

console.error: "TelemetryScheduler.shutdown - Already shut down"
WARNING: A blocker encountered an error while we were waiting.
          Blocker:  Waiting for ping task
          Phase: TelemetryController: Waiting for pending ping activity
          State: (none)
WARNING: Error: Phase "profile-before-change" is finished, it is too late to register completion condition "OS.File: flush I/O queued before profileBeforeChange"
WARNING: addBlocker@resource://gre/modules/AsyncShutdown.sys.mjs:727:15
addBlocker@resource://gre/modules/AsyncShutdown.sys.mjs:523:26
addBlocker@resource://gre/modules/AsyncShutdown.sys.mjs:458:15
setupShutdown@resource://gre/modules/osfile/osfile_async_front.jsm:1548:28
@resource://gre/modules/osfile/osfile_async_front.jsm:1568:16
@resource://gre/modules/osfile.jsm:12:30
@resource://gre/modules/TelemetryStorage.sys.mjs:10:28
_checkPendingPings@resource://gre/modules/TelemetrySend.sys.mjs:863:17
setup@resource://gre/modules/TelemetrySend.sys.mjs:803:18
setup@resource://gre/modules/TelemetrySend.sys.mjs:241:30
setupTelemetry/this._delayedInitTask<@resource://gre/modules/TelemetryControllerParent.sys.mjs:824:36
observe@resource://gre/modules/AsyncShutdown.sys.mjs:576:16

WARNING: A blocker encountered an error while we were waiting.
          Blocker:  Waiting for ping task
          Phase: TelemetryController: Waiting for pending ping activity
          State: (none)
WARNING: Error: Phase "profile-before-change" is finished, it is too late to register completion condition "OS.File: flush I/O queued before profileBeforeChange"
WARNING: addBlocker@resource://gre/modules/AsyncShutdown.sys.mjs:727:15
addBlocker@resource://gre/modules/AsyncShutdown.sys.mjs:523:26
addBlocker@resource://gre/modules/AsyncShutdown.sys.mjs:458:15
setupShutdown@resource://gre/modules/osfile/osfile_async_front.jsm:1548:28
@resource://gre/modules/osfile/osfile_async_front.jsm:1568:16
@resource://gre/modules/osfile.jsm:12:30
@resource://gre/modules/TelemetryStorage.sys.mjs:10:28
_checkPendingPings@resource://gre/modules/TelemetrySend.sys.mjs:863:17
setup@resource://gre/modules/TelemetrySend.sys.mjs:803:18
setup@resource://gre/modules/TelemetrySend.sys.mjs:241:30
setupTelemetry/this._delayedInitTask<@resource://gre/modules/TelemetryControllerParent.sys.mjs:824:36
observe@resource://gre/modules/AsyncShutdown.sys.mjs:576:16

WARNING: A blocker encountered an error while we were waiting.
          Blocker:  TelemetryController: shutting down
          Phase: profile-before-change-telemetry
          State: Error getting state: Error: Phase "profile-before-change" is finished, it is too late to register completion condition "OS.File: flush I/O queued before profileBeforeChange" at addBlocker@resource://gre/modules/AsyncShutdown.sys.mjs:727:15
addBlocker@resource://gre/modules/AsyncShutdown.sys.mjs:523:26
addBlocker@resource://gre/modules/AsyncShutdown.sys.mjs:458:15
setupShutdown@resource://gre/modules/osfile/osfile_async_front.jsm:1548:28
@resource://gre/modules/osfile/osfile_async_front.jsm:1568:16
@resource://gre/modules/osfile.jsm:12:30
@resource://gre/modules/TelemetryStorage.sys.mjs:10:28
_checkPendingPings@resource://gre/modules/TelemetrySend.sys.mjs:863:17
setup@resource://gre/modules/TelemetrySend.sys.mjs:803:18
setup@resource://gre/modules/TelemetrySend.sys.mjs:241:30
setupTelemetry/this._delayedInitTask<@resource://gre/modules/TelemetryControllerParent.sys.mjs:824:36
observe@resource://gre/modules/AsyncShutdown.sys.mjs:576:16

WARNING: Error: Phase "profile-before-change" is finished, it is too late to register completion condition "OS.File: flush I/O queued before profileBeforeChange"
WARNING: addBlocker@resource://gre/modules/AsyncShutdown.sys.mjs:727:15
addBlocker@resource://gre/modules/AsyncShutdown.sys.mjs:523:26
addBlocker@resource://gre/modules/AsyncShutdown.sys.mjs:458:15
setupShutdown@resource://gre/modules/osfile/osfile_async_front.jsm:1548:28
@resource://gre/modules/osfile/osfile_async_front.jsm:1568:16
@resource://gre/modules/osfile.jsm:12:30
@resource://gre/modules/TelemetryStorage.sys.mjs:10:28
_checkPendingPings@resource://gre/modules/TelemetrySend.sys.mjs:863:17
setup@resource://gre/modules/TelemetrySend.sys.mjs:803:18
setup@resource://gre/modules/TelemetrySend.sys.mjs:241:30
setupTelemetry/this._delayedInitTask<@resource://gre/modules/TelemetryControllerParent.sys.mjs:824:36
observe@resource://gre/modules/AsyncShutdown.sys.mjs:576:16

JavaScript error: resource://gre/modules/AsyncShutdown.sys.mjs, line 727: Error: Phase "profile-before-change" is finished, it is too late to register completion condition "OS.File: flush I/O queued before profileBeforeChange"
JavaScript error: resource://gre/modules/AsyncShutdown.sys.mjs, line 727: Error: Phase "profile-before-change" is finished, it is too late to register completion condition "OS.File: flush I/O queued before profileBeforeChange"
JavaScript error: resource://gre/modules/AsyncShutdown.sys.mjs, line 727: Error: Phase "profile-before-change" is finished, it is too late to register completion condition "OS.File: flush I/O queued before profileBeforeChange"
JavaScript error: resource://gre/modules/AsyncShutdown.sys.mjs, line 727: Error: Phase "profile-before-change" is finished, it is too late to register completion condition "OS.File: flush I/O queued before profileBeforeChange"
JavaScript error: resource://gre/modules/AsyncShutdown.sys.mjs, line 727: Error: Phase "profile-before-change" is finished, it is too late to register completion condition "OS.File: flush I/O queued before profileBeforeChange"
JavaScript error: resource://gre/modules/AsyncShutdown.sys.mjs, line 727: Error: Phase "profile-before-change" is finished, it is too late to register completion condition "OS.File: flush I/O queued before profileBeforeChange"
1681408320824	geckodriver	INFO	Listening on 127.0.0.1:54191
1681408323872	mozrunner::runner	INFO	Running command: "C:\\Program Files\\Mozilla Firefox\\firefox.exe" "--marionette" "--remote-debugging-port" "54192" "--remote-allow-hosts" "localhost" "-no-remote" "-profile" "C:\\Users\\Dashrath\\AppData\\Local\\Temp\\rust_mozprofilesupxwy"
console.warn: services.settings: Ignoring preference override of remote settings server
console.warn: services.settings: Allow by setting MOZ_REMOTE_SETTINGS_DEVTOOLS=1 in the environment
1681408324210	Marionette	INFO	Marionette enabled
Dynamically enable window occlusion 0
1681408324215	Marionette	INFO	Listening on port 54202
Read port: 54202
WebDriver BiDi listening on ws://127.0.0.1:54192
1681408324377	RemoteAgent	WARN	TLS certificate errors will be ignored for this session
console.warn: SearchSettings: "get: No settings file exists, new profile?" (new NotFoundError("Could not open the file at C:\\Users\\Dashrath\\AppData\\Local\\Temp\\rust_mozprofilesupxwy\\search.json.mozlz4", (void 0)))
[ERROR glean_core] Error setting metrics feature config: Json(Error("EOF while parsing a value", line: 1, column: 0))
DevTools listening on ws://127.0.0.1:54192/devtools/browser/62cb2eba-beab-46e7-b04c-b0be0c4fda54
1681408328433	Marionette	WARN	Ignoring event 'DOMContentLoaded' because document has an invalid readyState of 'complete'.
[Child 25896, MediaDecoderStateMachine #1] WARNING: Decoder=1e923bf8d00 state=DECODING_METADATA Decode metadata failed, shutting down decoder: file /builds/worker/checkouts/gecko/dom/media/MediaDecoderStateMachine.cpp:372
[Child 25896, MediaDecoderStateMachine #1] WARNING: Decoder=1e923bf8d00 Decode error: NS_ERROR_DOM_MEDIA_METADATA_ERR (0x806e0006) - static MP4Metadata::ResultAndByteBuffer __cdecl mozilla::MP4Metadata::Metadata(mozilla::ByteStream *): Cannot parse metadata: file /builds/worker/checkouts/gecko/dom/media/MediaDecoderStateMachineBase.cpp:164
[Child 25896, MediaDecoderStateMachine #1] WARNING: Decoder=1e930c0a400 state=DECODING_METADATA Decode metadata failed, shutting down decoder: file /builds/worker/checkouts/gecko/dom/media/MediaDecoderStateMachine.cpp:372
[Child 25896, MediaDecoderStateMachine #1] WARNING: Decoder=1e930c0a400 Decode error: NS_ERROR_DOM_MEDIA_METADATA_ERR (0x806e0006) - static MP4Metadata::ResultAndByteBuffer __cdecl mozilla::MP4Metadata::Metadata(mozilla::ByteStream *): Cannot parse metadata: file /builds/worker/checkouts/gecko/dom/media/MediaDecoderStateMachineBase.cpp:164
1681408348104	Marionette	INFO	Stopped listening on port 54202
Dynamically enable window occlusion 1
WARNING: A blocker encountered an error while we were waiting.
          Blocker:  Waiting for ping task
          Phase: TelemetryController: Waiting for pending ping activity
          State: (none)
WARNING: Error: Phase "profile-before-change" is finished, it is too late to register completion condition "OS.File: flush I/O queued before profileBeforeChange"
WARNING: addBlocker@resource://gre/modules/AsyncShutdown.sys.mjs:727:15
addBlocker@resource://gre/modules/AsyncShutdown.sys.mjs:523:26
addBlocker@resource://gre/modules/AsyncShutdown.sys.mjs:458:15
setupShutdown@resource://gre/modules/osfile/osfile_async_front.jsm:1548:28
@resource://gre/modules/osfile/osfile_async_front.jsm:1568:16
@resource://gre/modules/osfile.jsm:12:30
@resource://gre/modules/TelemetryStorage.sys.mjs:10:28
_checkPendingPings@resource://gre/modules/TelemetrySend.sys.mjs:863:17
setup@resource://gre/modules/TelemetrySend.sys.mjs:803:18
setup@resource://gre/modules/TelemetrySend.sys.mjs:241:30
setupTelemetry/this._delayedInitTask<@resource://gre/modules/TelemetryControllerParent.sys.mjs:824:36
observe@resource://gre/modules/AsyncShutdown.sys.mjs:576:16

console.error: "TelemetryScheduler.shutdown - Already shut down"
WARNING: A blocker encountered an error while we were waiting.
          Blocker:  Waiting for ping task
          Phase: TelemetryController: Waiting for pending ping activity
          State: (none)
WARNING: Error: Phase "profile-before-change" is finished, it is too late to register completion condition "OS.File: flush I/O queued before profileBeforeChange"
WARNING: addBlocker@resource://gre/modules/AsyncShutdown.sys.mjs:727:15
addBlocker@resource://gre/modules/AsyncShutdown.sys.mjs:523:26
addBlocker@resource://gre/modules/AsyncShutdown.sys.mjs:458:15
setupShutdown@resource://gre/modules/osfile/osfile_async_front.jsm:1548:28
@resource://gre/modules/osfile/osfile_async_front.jsm:1568:16
@resource://gre/modules/osfile.jsm:12:30
@resource://gre/modules/TelemetryStorage.sys.mjs:10:28
_checkPendingPings@resource://gre/modules/TelemetrySend.sys.mjs:863:17
setup@resource://gre/modules/TelemetrySend.sys.mjs:803:18
setup@resource://gre/modules/TelemetrySend.sys.mjs:241:30
setupTelemetry/this._delayedInitTask<@resource://gre/modules/TelemetryControllerParent.sys.mjs:824:36
observe@resource://gre/modules/AsyncShutdown.sys.mjs:576:16

WARNING: A blocker encountered an error while we were waiting.
          Blocker:  Waiting for ping task
          Phase: TelemetryController: Waiting for pending ping activity
          State: (none)
WARNING: Error: Phase "profile-before-change" is finished, it is too late to register completion condition "OS.File: flush I/O queued before profileBeforeChange"
WARNING: addBlocker@resource://gre/modules/AsyncShutdown.sys.mjs:727:15
addBlocker@resource://gre/modules/AsyncShutdown.sys.mjs:523:26
addBlocker@resource://gre/modules/AsyncShutdown.sys.mjs:458:15
setupShutdown@resource://gre/modules/osfile/osfile_async_front.jsm:1548:28
@resource://gre/modules/osfile/osfile_async_front.jsm:1568:16
@resource://gre/modules/osfile.jsm:12:30
@resource://gre/modules/TelemetryStorage.sys.mjs:10:28
_checkPendingPings@resource://gre/modules/TelemetrySend.sys.mjs:863:17
setup@resource://gre/modules/TelemetrySend.sys.mjs:803:18
setup@resource://gre/modules/TelemetrySend.sys.mjs:241:30
setupTelemetry/this._delayedInitTask<@resource://gre/modules/TelemetryControllerParent.sys.mjs:824:36
observe@resource://gre/modules/AsyncShutdown.sys.mjs:576:16

WARNING: A blocker encountered an error while we were waiting.
          Blocker:  TelemetryController: shutting down
          Phase: profile-before-change-telemetry
          State: Error getting state: Error: Phase "profile-before-change" is finished, it is too late to register completion condition "OS.File: flush I/O queued before profileBeforeChange" at addBlocker@resource://gre/modules/AsyncShutdown.sys.mjs:727:15
addBlocker@resource://gre/modules/AsyncShutdown.sys.mjs:523:26
addBlocker@resource://gre/modules/AsyncShutdown.sys.mjs:458:15
setupShutdown@resource://gre/modules/osfile/osfile_async_front.jsm:1548:28
@resource://gre/modules/osfile/osfile_async_front.jsm:1568:16
@resource://gre/modules/osfile.jsm:12:30
@resource://gre/modules/TelemetryStorage.sys.mjs:10:28
_checkPendingPings@resource://gre/modules/TelemetrySend.sys.mjs:863:17
setup@resource://gre/modules/TelemetrySend.sys.mjs:803:18
setup@resource://gre/modules/TelemetrySend.sys.mjs:241:30
setupTelemetry/this._delayedInitTask<@resource://gre/modules/TelemetryControllerParent.sys.mjs:824:36
observe@resource://gre/modules/AsyncShutdown.sys.mjs:576:16

WARNING: Error: Phase "profile-before-change" is finished, it is too late to register completion condition "OS.File: flush I/O queued before profileBeforeChange"
WARNING: addBlocker@resource://gre/modules/AsyncShutdown.sys.mjs:727:15
addBlocker@resource://gre/modules/AsyncShutdown.sys.mjs:523:26
addBlocker@resource://gre/modules/AsyncShutdown.sys.mjs:458:15
setupShutdown@resource://gre/modules/osfile/osfile_async_front.jsm:1548:28
@resource://gre/modules/osfile/osfile_async_front.jsm:1568:16
@resource://gre/modules/osfile.jsm:12:30
@resource://gre/modules/TelemetryStorage.sys.mjs:10:28
_checkPendingPings@resource://gre/modules/TelemetrySend.sys.mjs:863:17
setup@resource://gre/modules/TelemetrySend.sys.mjs:803:18
setup@resource://gre/modules/TelemetrySend.sys.mjs:241:30
setupTelemetry/this._delayedInitTask<@resource://gre/modules/TelemetryControllerParent.sys.mjs:824:36
observe@resource://gre/modules/AsyncShutdown.sys.mjs:576:16

JavaScript error: resource://gre/modules/AsyncShutdown.sys.mjs, line 727: Error: Phase "profile-before-change" is finished, it is too late to register completion condition "OS.File: flush I/O queued before profileBeforeChange"
JavaScript error: resource://gre/modules/AsyncShutdown.sys.mjs, line 727: Error: Phase "profile-before-change" is finished, it is too late to register completion condition "OS.File: flush I/O queued before profileBeforeChange"
JavaScript error: resource://gre/modules/AsyncShutdown.sys.mjs, line 727: Error: Phase "profile-before-change" is finished, it is too late to register completion condition "OS.File: flush I/O queued before profileBeforeChange"
JavaScript error: resource://gre/modules/AsyncShutdown.sys.mjs, line 727: Error: Phase "profile-before-change" is finished, it is too late to register completion condition "OS.File: flush I/O queued before profileBeforeChange"
JavaScript error: resource://gre/modules/AsyncShutdown.sys.mjs, line 727: Error: Phase "profile-before-change" is finished, it is too late to register completion condition "OS.File: flush I/O queued before profileBeforeChange"
JavaScript error: resource://gre/modules/AsyncShutdown.sys.mjs, line 727: Error: Phase "profile-before-change" is finished, it is too late to register completion condition "OS.File: flush I/O queued before profileBeforeChange"
1681408598543	geckodriver	INFO	Listening on 127.0.0.1:54390
1681408601575	mozrunner::runner	INFO	Running command: "C:\\Program Files\\Mozilla Firefox\\firefox.exe" "--marionette" "--remote-debugging-port" "54391" "--remote-allow-hosts" "localhost" "-no-remote" "-profile" "C:\\Users\\Dashrath\\AppData\\Local\\Temp\\rust_mozprofilel2Gfm2"
console.warn: services.settings: Ignoring preference override of remote settings server
console.warn: services.settings: Allow by setting MOZ_REMOTE_SETTINGS_DEVTOOLS=1 in the environment
1681408601884	Marionette	INFO	Marionette enabled
Dynamically enable window occlusion 0
1681408601890	Marionette	INFO	Listening on port 54401
Read port: 54401
WebDriver BiDi listening on ws://127.0.0.1:54391
1681408602055	RemoteAgent	WARN	TLS certificate errors will be ignored for this session
console.warn: SearchSettings: "get: No settings file exists, new profile?" (new NotFoundError("Could not open the file at C:\\Users\\Dashrath\\AppData\\Local\\Temp\\rust_mozprofilel2Gfm2\\search.json.mozlz4", (void 0)))
[ERROR glean_core] Error setting metrics feature config: Json(Error("EOF while parsing a value", line: 1, column: 0))
DevTools listening on ws://127.0.0.1:54391/devtools/browser/7bf0978f-cbf7-4611-bfa8-6a4fdcb09cf7
1681408607387	Marionette	WARN	Ignoring event 'DOMContentLoaded' because document has an invalid readyState of 'complete'.
1681408615375	Marionette	INFO	Stopped listening on port 54401
Dynamically enable window occlusion 1
1681408635550	geckodriver	INFO	Listening on 127.0.0.1:54478
1681408638629	mozrunner::runner	INFO	Running command: "C:\\Program Files\\Mozilla Firefox\\firefox.exe" "--marionette" "--remote-debugging-port" "54479" "--remote-allow-hosts" "localhost" "-no-remote" "-profile" "C:\\Users\\Dashrath\\AppData\\Local\\Temp\\rust_mozprofilecay22O"
console.warn: services.settings: Ignoring preference override of remote settings server
console.warn: services.settings: Allow by setting MOZ_REMOTE_SETTINGS_DEVTOOLS=1 in the environment
1681408638929	Marionette	INFO	Marionette enabled
Dynamically enable window occlusion 0
1681408638934	Marionette	INFO	Listening on port 54489
Read port: 54489
WebDriver BiDi listening on ws://127.0.0.1:54479
1681408639084	RemoteAgent	WARN	TLS certificate errors will be ignored for this session
console.warn: SearchSettings: "get: No settings file exists, new profile?" (new NotFoundError("Could not open the file at C:\\Users\\Dashrath\\AppData\\Local\\Temp\\rust_mozprofilecay22O\\search.json.mozlz4", (void 0)))
[ERROR glean_core] Error setting metrics feature config: Json(Error("EOF while parsing a value", line: 1, column: 0))
DevTools listening on ws://127.0.0.1:54479/devtools/browser/bc42f1ed-04b5-49f7-a6fb-15c9211389a7
1681408642279	Marionette	WARN	Ignoring event 'DOMContentLoaded' because document has an invalid readyState of 'complete'.
[Child 11640, MediaDecoderStateMachine #1] WARNING: Decoder=229c9fcf100 state=DECODING_METADATA Decode metadata failed, shutting down decoder: file /builds/worker/checkouts/gecko/dom/media/MediaDecoderStateMachine.cpp:372
[Child 11640, MediaDecoderStateMachine #1] WARNING: Decoder=229c9fcf100 Decode error: NS_ERROR_DOM_MEDIA_METADATA_ERR (0x806e0006) - static MP4Metadata::ResultAndByteBuffer __cdecl mozilla::MP4Metadata::Metadata(mozilla::ByteStream *): Cannot parse metadata: file /builds/worker/checkouts/gecko/dom/media/MediaDecoderStateMachineBase.cpp:164
[Child 11640, MediaDecoderStateMachine #1] WARNING: Decoder=229cb777400 state=DECODING_METADATA Decode metadata failed, shutting down decoder: file /builds/worker/checkouts/gecko/dom/media/MediaDecoderStateMachine.cpp:372
[Child 11640, MediaDecoderStateMachine #1] WARNING: Decoder=229cb777400 Decode error: NS_ERROR_DOM_MEDIA_METADATA_ERR (0x806e0006) - static MP4Metadata::ResultAndByteBuffer __cdecl mozilla::MP4Metadata::Metadata(mozilla::ByteStream *): Cannot parse metadata: file /builds/worker/checkouts/gecko/dom/media/MediaDecoderStateMachineBase.cpp:164
1681408931798	Marionette	INFO	Stopped listening on port 54489
Dynamically enable window occlusion 1
ng command: "C:\\Program Files\\Mozilla Firefox\\firefox.exe" "--marionette" "--remote-debugging-port" "54582" "--remote-allow-hosts" "localhost" "-no-remote" "-profile" "C:\\Users\\Dashrath\\AppData\\Local\\Temp\\rust_mozprofileVgIO4Z"
console.warn: services.settings: Ignoring preference override of remote settings server
console.warn: services.settings: Allow by setting MOZ_REMOTE_SETTINGS_DEVTOOLS=1 in the environment
1681408714371	Marionette	INFO	Marionette enabled
Dynamically enable window occlusion 0
1681408714377	Marionette	INFO	Listening on port 54592
Read port: 54592
WebDriver BiDi listening on ws://127.0.0.1:54582
1681408714537	RemoteAgent	WARN	TLS certificate errors will be ignored for this session
console.warn: SearchSettings: "get: No settings file exists, new profile?" (new NotFoundError("Could not open the file at C:\\Users\\Dashrath\\AppData\\Local\\Temp\\rust_mozprofileVgIO4Z\\search.json.mozlz4", (void 0)))
[ERROR glean_core] Error setting metrics feature config: Json(Error("EOF while parsing a value", line: 1, column: 0))
DevTools listening on ws://127.0.0.1:54582/devtools/browser/047ae306-ab63-4847-ad14-46f2fb49ba4f
1681408718950	Marionette	WARN	Ignoring event 'DOMContentLoaded' because document has an invalid readyState of 'complete'.
1681408726651	Marionette	INFO	Stopped listening on port 54592
Dynamically enable window occlusion 1
1681409477335	geckodriver	INFO	Listening on 127.0.0.1:55229
1681409480402	mozrunner::runner	INFO	Running command: "C:\\Program Files\\Mozilla Firefox\\firefox.exe" "--marionette" "--remote-debugging-port" "55230" "--remote-allow-hosts" "localhost" "-no-remote" "-profile" "C:\\Users\\Dashrath\\AppData\\Local\\Temp\\rust_mozprofilenArHgO"
console.warn: services.settings: Ignoring preference override of remote settings server
console.warn: services.settings: Allow by setting MOZ_REMOTE_SETTINGS_DEVTOOLS=1 in the environment
1681409480770	Marionette	INFO	Marionette enabled
Dynamically enable window occlusion 0
1681409480776	Marionette	INFO	Listening on port 55239
Read port: 55239
WebDriver BiDi listening on ws://127.0.0.1:55230
1681409480936	RemoteAgent	WARN	TLS certificate errors will be ignored for this session
console.warn: SearchSettings: "get: No settings file exists, new profile?" (new NotFoundError("Could not open the file at C:\\Users\\Dashrath\\AppData\\Local\\Temp\\rust_mozprofilenArHgO\\search.json.mozlz4", (void 0)))
[ERROR glean_core] Error setting metrics feature config: Json(Error("EOF while parsing a value", line: 1, column: 0))
DevTools listening on ws://127.0.0.1:55230/devtools/browser/7f78d814-dbba-4461-be86-fd120bca0b7a
1681409485636	Marionette	WARN	Ignoring event 'DOMContentLoaded' because document has an invalid readyState of 'complete'.
1681409617161	Marionette	INFO	Stopped listening on port 55231681409619939	mozrunner::runner	INFO	Running command: "C:\\Program Files\\Mozilla Firefox\\firefox.exe" "--marionette" "--remote-debugging-port" "55375" "--remote-allow-hosts" "localhost" "-no-remote" "-profile" "C:\\Users\\Dashrath\\AppData\\Local\\Temp\\rust_mozprofileARdyoR"
console.warn: services.settings: Ignoring preference override of remote settings server
console.warn: services.settings: Allow by setting MOZ_REMOTE_SETTINGS_DEVTOOLS=1 in the environment
1681409620268	Marionette	INFO	Marionette enabled
Dynamically enable window occlusion 0
1681409620273	Marionette	INFO	Listening on port 55385
Read port: 55385
WebDriver BiDi listening on ws://127.0.0.1:55375
1681409620449	RemoteAgent	WARN	TLS certificate errors will be ignored for this session
console.warn: SearchSettings: "get: No settings file exists, new profile?" (new NotFoundError("Could not open the file at C:\\Users\\Dashrath\\AppData\\Local\\Temp\\rust_mozprofileARdyoR\\search.json.mozlz4", (void 0)))
[ERROR glean_core] Error setting metrics feature config: Json(Error("EOF while parsing a value", line: 1, column: 0))
DevTools listening on ws://127.0.0.1:55375/devtools/browser/7d270eaf-857a-43ec-8083-4d4ecc7da395
1681409626268	Marionette	WARN	Ignoring event 'DOMContentLoaded' because document has an invalid readyState of 'complete'.
[Child 31000, MediaDecoderStateMachine #1] WARNING: Decoder=228606ad400 state=DECODING_METADATA Decode metadata failed, shutting down decoder: file /builds/worker/checkouts/gecko/dom/media/MediaDecoderStateMachine.cpp:372
[Child 31000, MediaDecoderStateMachine #1] WARNING: Decoder=228606ad400 Decode error: NS_ERROR_DOM_MEDIA_METADATA_ERR (0x806e0006) - static MP4Metadata::ResultAndByteBuffer __cdecl mozilla::MP4Metadata::Metadata(mozilla::ByteStream *): Cannot parse metadata: file /builds/worker/checkouts/gecko/dom/media/MediaDecoderStateMachineBase.cpp:164
[Child 31000, MediaDecoderStateMachine #1] WARNING: Decoder=2285366fa00 state=DECODING_METADATA Decode metadata failed, shutting down decoder: file /builds/worker/checkouts/gecko/dom/media/MediaDecoderStateMachine.cpp:372
[Child 31000, MediaDecoderStateMachine #1] WARNING: Decoder=2285366fa00 Decode error: NS_ERROR_DOM_MEDIA_METADATA_ERR (0x806e0006) - static MP4Metadata::ResultAndByteBuffer __cdecl mozilla::MP4Metadata::Metadata(mozilla::ByteStream *): Cannot parse metadata: file /builds/worker/checkouts/gecko/dom/media/MediaDecoderStateMachineBase.cpp:164
[Child 31000, MediaDecoderStateMachine #1] WARNING: Decoder=2285c3c6400 state=DECODING_METADATA Decode metadata failed, shutting down decoder: file /builds/worker/checkouts/gecko/dom/media/MediaDecoderStateMachine.cpp:372
[Child 31000, MediaDecoderStateMachine #1] WARNING: Decoder=2285c3c6400 Decode error: NS_ERROR_DOM_MEDIA_METADATA_ERR (0x806e0006) - static MP4Metadata::ResultAndByteBuffer __cdecl mozilla::MP4Metadata::Metadata(mozilla::ByteStream *): Cannot parse metadata: file /builds/worker/checkouts/gecko/dom/media/MediaDecoderStateMachineBase.cpp:164
[Child 31000, MediaDecoderStateMachine #1] WARNING: Decoder=2285366fd00 state=DECODING_METADATA Decode metadata failed, shutting down decoder: file /builds/worker/checkouts/gecko/dom/media/MediaDecoderStateMachine.cpp:372
[Child 31000, MediaDecoderStateMachine #1] WARNING: Decoder=2285366fd00 Decode error: NS_ERROR_DOM_MEDIA_METADATA_ERR (0x806e0006) - static MP4Metadata::ResultAndByteBuffer __cdecl mozilla::MP4Metadata::Metadata(mozilla::ByteStream *): Cannot parse metadata: file /builds/worker/checkouts/gecko/dom/media/MediaDecoderStateMachineBase.cpp:164
1681409757325	Marionette	INFO	Stopped listening on port 55381681409758470	mozrunner::runner	INFO	Running command: "C:\\Program Files\\Mozilla Firefox\\firefox.exe" "--marionette" "--remote-debugging-port" "55570" "--remote-allow-hosts" "localhost" "-no-remote" "-profile" "C:\\Users\\Dashrath\\AppData\\Local\\Temp\\rust_mozprofileOGcc9T"
console.warn: services.settings: Ignoring preference override of remote settings server
console.warn: services.settings: Allow by setting MOZ_REMOTE_SETTINGS_DEVTOOLS=1 in the environment
1681409759384	Marionette	INFO	Marionette enabled
Dynamically enable window occlusion 0
1681409759390	Marionette	INFO	Listening on port 55581
Read port: 55581
WebDriver BiDi listening on ws://127.0.0.1:55570
1681409759972	RemoteAgent	WARN	TLS certificate errors will be ignored for this session
console.warn: SearchSettings: "get: No settings file exists, new profile?" (new NotFoundError("Could not open the file at C:\\Users\\Dashrath\\AppData\\Local\\Temp\\rust_mozprofileOGcc9T\\search.json.mozlz4", (void 0)))
[ERROR glean_core] Error setting metrics feature config: Json(Error("EOF while parsing a value", line: 1, column: 0))
DevTools listening on ws://127.0.0.1:55570/devtools/browser/5aff2978-db3e-4975-98a5-97a92437d633
1681409765404	Marionette	WARN	Ignoring event 'DOMContentLoaded' because document has an invalid readyState of 'complete'.
[Child 13012, MediaDecoderStateMachine #1] WARNING: Decoder=266d22dd600 state=DECODING_METADATA Decode metadata failed, shutting down decoder: file /builds/worker/checkouts/gecko/dom/media/MediaDecoderStateMachine.cpp:372
[Child 13012, MediaDecoderStateMachine #1] WARNING: Decoder=266d22dd600 Decode error: NS_ERROR_DOM_MEDIA_METADATA_ERR (0x806e0006) - static MP4Metadata::ResultAndByteBuffer __cdecl mozilla::MP4Metadata::Metadata(mozilla::ByteStream *): Cannot parse metadata: file /builds/worker/checkouts/gecko/dom/media/MediaDecoderStateMachineBase.cpp:164
1681410061187	Marionette	INFO	Stopped listening on port 55581681410062592	mozrunner::runner	INFO	Running command: "C:\\Program Files\\Mozilla Firefox\\firefox.exe" "--marionette" "--remote-debugging-port" "55928" "--remote-allow-hosts" "localhost" "-no-remote" "-profile" "C:\\Users\\Dashrath\\AppData\\Local\\Temp\\rust_mozprofile2aSo3P"
console.warn: services.settings: Ignoring preference override of remote settings server
console.warn: services.settings: Allow by setting MOZ_REMOTE_SETTINGS_DEVTOOLS=1 in the environment
1681410063401	Marionette	INFO	Marionette enabled
Dynamically enable window occlusion 0
1681410063406	Marionette	INFO	Listening on port 55939
Read port: 55939
WebDriver BiDi listening on ws://127.0.0.1:55928
1681410063592	RemoteAgent	WARN	TLS certificate errors will be ignored for this session
console.warn: SearchSettings: "get: No settings file exists, new profile?" (new NotFoundError("Could not open the file at C:\\Users\\Dashrath\\AppData\\Local\\Temp\\rust_mozprofile2aSo3P\\search.json.mozlz4", (void 0)))
[ERROR glean_core] Error setting metrics feature config: Json(Error("EOF while parsing a value", line: 1, column: 0))
DevTools listening on ws://127.0.0.1:55928/devtools/browser/38036573-354e-4a00-a574-03ede73c65dd
1681410069934	Marionette	WARN	Ignoring event 'DOMContentLoaded' because document has an invalid readyState of 'complete'.
[Child 26420, MediaDecoderStateMachine #1] WARNING: Decoder=21f3caf6100 state=DECODING_METADATA Decode metadata failed, shutting down decoder: file /builds/worker/checkouts/gecko/dom/media/MediaDecoderStateMachine.cpp:372
[Child 26420, MediaDecoderStateMachine #1] WARNING: Decoder=21f3caf6100 Decode error: NS_ERROR_DOM_MEDIA_METADATA_ERR (0x806e0006) - static MP4Metadata::ResultAndByteBuffer __cdecl mozilla::MP4Metadata::Metadata(mozilla::ByteStream *): Cannot parse metadata: file /builds/worker/checkouts/gecko/dom/media/MediaDecoderStateMachineBase.cpp:164
[Parent 6992, IPC I/O Parent] WARNING: DuplicateHandle failed for handle 0 in TransferHandles: file /builds/worker/checkouts/gecko/ipc/chromium/src/chrome/common/ipc_channel_win.cc:777
1681477266185	geckodriver	INFO	Listening on 127.0.0.1:53303
1681477269242	mozrunner::runner	INFO	Running command: "C:\\Program Files\\Mozilla Firefox\\firefox.exe" "--marionette" "--remote-debugging-port" "53304" "--remote-allow-hosts" "localhost" "-no-remote" "-profile" "C:\\Users\\Dashrath\\AppData\\Local\\Temp\\rust_mozprofileKX1wQn"
console.warn: services.settings: Ignoring preference override of remote settings server
console.warn: services.settings: Allow by setting MOZ_REMOTE_SETTINGS_DEVTOOLS=1 in the environment
1681477269687	Marionette	INFO	Marionette enabled
Dynamically enable window occlusion 0
1681477269692	Marionette	INFO	Listening on port 53313
Read port: 53313
WebDriver BiDi listening on ws://127.0.0.1:53304
1681477269980	RemoteAgent	WARN	TLS certificate errors will be ignored for this session
console.warn: SearchSettings: "get: No settings file exists, new profile?" (new NotFoundError("Could not open the file at C:\\Users\\Dashrath\\AppData\\Local\\Temp\\rust_mozprofileKX1wQn\\search.json.mozlz4", (void 0)))
[ERROR glean_core] Error setting metrics feature config: Json(Error("EOF while parsing a value", line: 1, column: 0))
DevTools listening on ws://127.0.0.1:53304/devtools/browser/a5d65f8e-6ae0-4ced-bfd5-03574ae2a8a7
1681477274335	Marionette	WARN	Ignoring event 'DOMContentLoaded' because document has an invalid readyState of 'complete'.
[Child 22332, MediaDecoderStateMachine #1] WARNING: Decoder=17c248fd100 state=DECODING_METADATA Decode metadata failed, shutting down decoder: file /builds/worker/checkouts/gecko/dom/media/MediaDecoderStateMachine.cpp:372
[Child 22332, MediaDecoderStateMachine #1] WARNING: Decoder=17c248fd100 Decode error: NS_ERROR_DOM_MEDIA_METADATA_ERR (0x806e0006) - static MP4Metadata::ResultAndByteBuffer __cdecl mozilla::MP4Metadata::Metadata(mozilla::ByteStream *): Cannot parse metadata: file /builds/worker/checkouts/gecko/dom/media/MediaDecoderStateMachineBase.cpp:164
[Child 22332, MediaDecoderStateMachine #1] WARNING: Decoder=17c201a3c00 state=DECODING_METADATA Decode metadata failed, shutting down decoder: file /builds/worker/checkouts/gecko/dom/media/MediaDecoderStateMachine.cpp:372
[Child 22332, MediaDecoderStateMachine #1] WARNING: Decoder=17c201a3c00 Decode error: NS_ERROR_DOM_MEDIA_METADATA_ERR (0x806e0006) - static MP4Metadata::ResultAndByteBuffer __cdecl mozilla::MP4Metadata::Metadata(mozilla::ByteStream *): Cannot parse metadata: file /builds/worker/checkouts/gecko/dom/media/MediaDecoderStateMachineBase.cpp:164
[Child 22332, MediaDecoderStateMachine #1] WARNING: Decoder=17c1fe5ae00 state=DECODING_METADATA Decode metadata failed, shutting down decoder: file /builds/worker/checkouts/gecko/dom/media/MediaDecoderStateMachine.cpp:372
[Child 22332, MediaDecoderStateMachine #1] WARNING: Decoder=17c1fe5ae00 Decode error: NS_ERROR_DOM_MEDIA_METADATA_ERR (0x806e0006) - static MP4Metadata::ResultAndByteBuffer __cdecl mozilla::MP4Metadata::Metadata(mozilla::ByteStream *): Cannot parse metadata: file /builds/worker/checkouts/gecko/dom/media/MediaDecoderStateMachineBase.cpp:164
